Using pre-set license
Built from '2020.3/staging' branch; Version is '2020.3.26f1 (7298b473bc1a) revision 7510196'; Using compiler version '192528614'; Build Type 'Release'
OS: 'Windows 10  (10.0.19043) 64bit Professional' Language: 'pt' Physical Memory: 4007 MB
BatchMode: 1, IsHumanControllingUs: 0, StartBugReporterOnCrash: 0, Is64bit: 1, IsPro: 0

COMMAND LINE ARGUMENTS:
C:\Program Files\2020.3.26f1\Editor\Unity.exe
-adb2
-batchMode
-noUpm
-name
AssetImportWorker0
-projectPath
C:/Users/Michel/Desktop/DCC148 - Jogos - Bubble Shooter
-logFile
Logs/AssetImportWorker0.log
-srvPort
51020
Successfully changed project path to: C:/Users/Michel/Desktop/DCC148 - Jogos - Bubble Shooter
C:/Users/Michel/Desktop/DCC148 - Jogos - Bubble Shooter
Using Asset Import Pipeline V2.
Refreshing native plugins compatible for Editor in 250.35 ms, found 3 plugins.
Preloading 0 native plugins for Editor in 0.00 ms.
Initialize engine version: 2020.3.26f1 (7298b473bc1a)
[Subsystems] Discovering subsystems at path C:/Program Files/2020.3.26f1/Editor/Data/Resources/UnitySubsystems
[Subsystems] Discovering subsystems at path C:/Users/Michel/Desktop/DCC148 - Jogos - Bubble Shooter/Assets
GfxDevice: creating device client; threaded=0
Direct3D:
    Version:  Direct3D 11.0 [level 11.1]
    Renderer: Intel(R) HD Graphics 620 (ID=0x5916)
    Vendor:   
    VRAM:     2003 MB
    Driver:   27.20.100.7988
Initialize mono
Mono path[0] = 'C:/Program Files/2020.3.26f1/Editor/Data/Managed'
Mono path[1] = 'C:/Program Files/2020.3.26f1/Editor/Data/MonoBleedingEdge/lib/mono/unityjit'
Mono config path = 'C:/Program Files/2020.3.26f1/Editor/Data/MonoBleedingEdge/etc'
Using monoOptions --debugger-agent=transport=dt_socket,embedding=1,server=y,suspend=n,address=127.0.0.1:56268
Begin MonoManager ReloadAssembly
Registering precompiled unity dll's ...
Register platform support module: C:/Program Files/2020.3.26f1/Editor/Data/PlaybackEngines/WindowsStandaloneSupport/UnityEditor.WindowsStandalone.Extensions.dll
Register platform support module: C:/Program Files/2020.3.26f1/Editor/Data/PlaybackEngines/LinuxStandaloneSupport/UnityEditor.LinuxStandalone.Extensions.dll
Registered in 0.008019 seconds.
Native extension for LinuxStandalone target not found
Native extension for WindowsStandalone target not found
Refreshing native plugins compatible for Editor in 74.82 ms, found 3 plugins.
Preloading 0 native plugins for Editor in 0.00 ms.
Mono: successfully reloaded assembly
- Completed reload, in  1.150 seconds
Domain Reload Profiling:
	ReloadAssembly (1150ms)
		BeginReloadAssembly (138ms)
			ExecutionOrderSort (0ms)
			DisableScriptedObjects (0ms)
			BackupInstance (0ms)
			ReleaseScriptingObjects (0ms)
			CreateAndSetChildDomain (3ms)
		EndReloadAssembly (857ms)
			LoadAssemblies (132ms)
			RebuildTransferFunctionScriptingTraits (2ms)
			SetupTypeCache (296ms)
			ReleaseScriptCaches (0ms)
			RebuildScriptCaches (53ms)
			SetupLoadedEditorAssemblies (324ms)
				LogAssemblyErrors (0ms)
				InitializePlatformSupportModulesInManaged (17ms)
				SetLoadedEditorAssemblies (0ms)
				RefreshPlugins (75ms)
				BeforeProcessingInitializeOnLoad (17ms)
				ProcessInitializeOnLoadAttributes (164ms)
				ProcessInitializeOnLoadMethodAttributes (50ms)
				AfterProcessingInitializeOnLoad (0ms)
				EditorAssembliesLoaded (0ms)
			ExecutionOrderSort2 (0ms)
			AwakeInstancesAfterBackupRestoration (0ms)
Platform modules already initialized, skipping
Registering precompiled user dll's ...
Registered in 0.018559 seconds.
Begin MonoManager ReloadAssembly
Native extension for LinuxStandalone target not found
Native extension for WindowsStandalone target not found
Refreshing native plugins compatible for Editor in 72.31 ms, found 3 plugins.
Preloading 0 native plugins for Editor in 0.00 ms.
Mono: successfully reloaded assembly
- Completed reload, in  2.121 seconds
Domain Reload Profiling:
	ReloadAssembly (2122ms)
		BeginReloadAssembly (262ms)
			ExecutionOrderSort (0ms)
			DisableScriptedObjects (8ms)
			BackupInstance (0ms)
			ReleaseScriptingObjects (0ms)
			CreateAndSetChildDomain (30ms)
		EndReloadAssembly (1750ms)
			LoadAssemblies (255ms)
			RebuildTransferFunctionScriptingTraits (0ms)
			SetupTypeCache (591ms)
			ReleaseScriptCaches (1ms)
			RebuildScriptCaches (93ms)
			SetupLoadedEditorAssemblies (618ms)
				LogAssemblyErrors (0ms)
				InitializePlatformSupportModulesInManaged (9ms)
				SetLoadedEditorAssemblies (0ms)
				RefreshPlugins (72ms)
				BeforeProcessingInitializeOnLoad (122ms)
				ProcessInitializeOnLoadAttributes (359ms)
				ProcessInitializeOnLoadMethodAttributes (43ms)
				AfterProcessingInitializeOnLoad (11ms)
				EditorAssembliesLoaded (0ms)
			ExecutionOrderSort2 (0ms)
			AwakeInstancesAfterBackupRestoration (10ms)
Platform modules already initialized, skipping
========================================================================
Worker process is ready to serve import requests
Launched and connected shader compiler UnityShaderCompiler.exe after 0.16 seconds
Refreshing native plugins compatible for Editor in 0.81 ms, found 3 plugins.
Preloading 0 native plugins for Editor in 0.00 ms.
Unloading 2201 Unused Serialized files (Serialized files now loaded: 0)
System memory in use before: 95.9 MB.
System memory in use after: 96.0 MB.

Unloading 28 unused Assets to reduce memory usage. Loaded Objects now: 2634.
Total: 13.723000 ms (FindLiveObjects: 0.243100 ms CreateObjectMapping: 0.129800 ms MarkObjects: 13.244100 ms  DeleteObjects: 0.104100 ms)

AssetImportParameters requested are different than current active one (requested -> active):
  custom:framework-win-MediaFoundation: 216162199b28c13a410421893ffa2e32 -> 
  custom:video-decoder-ogg-theora: a1e56fd34408186e4bbccfd4996cb3dc -> 
  custom:container-muxer-webm: aa71ff27fc2769a1b78a27578f13a17b -> 
  custom:container-demuxer-webm: 4f35f7cbe854078d1ac9338744f61a02 -> 
  custom:container-demuxer-ogg: 62fdf1f143b41e24485cea50d1cbac27 -> 
  custom:video-encoder-webm-vp8: eb34c28f22e8b96e1ab97ce403110664 -> 
  custom:video-decoder-webm-vp8: 9c59270c3fd7afecdb556c50c9e8de78 -> 
  custom:audio-decoder-ogg-vorbis: bf7c407c2cedff20999df2af8eb42d56 -> 
  custom:audio-encoder-webm-vorbis: bf7c407c2cedff20999df2af8eb42d56 -> 
========================================================================
Received Import Request.
  path: Assets/Prefabs/Red.prefab
  artifactKey: Guid(3d4b8253a94ae4adfa952fa544a4ee71) Importer(815301076,1909f56bfc062723c751e8b465ee728b)
Start importing Assets/Prefabs/Red.prefab using Guid(3d4b8253a94ae4adfa952fa544a4ee71) Importer(815301076,1909f56bfc062723c751e8b465ee728b)  -> (artifact id: '27ea85c1e7e9b4f3022b7131554548f2') in 0.271469 seconds 
  Import took 0.277555 seconds .

========================================================================
Received Import Request.
  Time since last request: 0.000469 seconds.
  path: Assets/Prefabs/Wall.prefab
  artifactKey: Guid(1782b70d25128424cb953b89b460f884) Importer(815301076,1909f56bfc062723c751e8b465ee728b)
Start importing Assets/Prefabs/Wall.prefab using Guid(1782b70d25128424cb953b89b460f884) Importer(815301076,1909f56bfc062723c751e8b465ee728b)  -> (artifact id: '8ee969f0197d786b151b889427e231bd') in 0.039787 seconds 
  Import took 0.049050 seconds .

========================================================================
Received Import Request.
  Time since last request: 0.000979 seconds.
  path: Assets/Prefabs/Green.prefab
  artifactKey: Guid(4610be25d425b4a579c31ce1386a6c2d) Importer(815301076,1909f56bfc062723c751e8b465ee728b)
Start importing Assets/Prefabs/Green.prefab using Guid(4610be25d425b4a579c31ce1386a6c2d) Importer(815301076,1909f56bfc062723c751e8b465ee728b)  -> (artifact id: 'c32160f3f4c8522a1a795ddb4d6151ba') in 0.045172 seconds 
  Import took 0.057049 seconds .

========================================================================
Received Import Request.
  Time since last request: 0.000554 seconds.
  path: Assets/Scripts/CheckConnecteds.png
  artifactKey: Guid(b5b361b7d58a345558dd7b592491b9c6) Importer(815301076,1909f56bfc062723c751e8b465ee728b)
Start importing Assets/Scripts/CheckConnecteds.png using Guid(b5b361b7d58a345558dd7b592491b9c6) Importer(815301076,1909f56bfc062723c751e8b465ee728b)  -> (artifact id: '76366dccf4647ded711856d290c05bfd') in 0.076358 seconds 
  Import took 0.083810 seconds .

========================================================================
Received Import Request.
  Time since last request: 0.000336 seconds.
  path: Assets/Prefabs/Yellow.prefab
  artifactKey: Guid(0811a919b503041b5a54dc8a5f9fd406) Importer(815301076,1909f56bfc062723c751e8b465ee728b)
Start importing Assets/Prefabs/Yellow.prefab using Guid(0811a919b503041b5a54dc8a5f9fd406) Importer(815301076,1909f56bfc062723c751e8b465ee728b)  -> (artifact id: 'c12d6cd9a55f1ed138935976097e74c8') in 0.039016 seconds 
  Import took 0.047251 seconds .

========================================================================
Received Import Request.
  Time since last request: 0.000336 seconds.
  path: Assets/Sprite/Bubble.png
  artifactKey: Guid(8851ee2e2456a4c98a12efc67cce0b3c) Importer(815301076,1909f56bfc062723c751e8b465ee728b)
Start importing Assets/Sprite/Bubble.png using Guid(8851ee2e2456a4c98a12efc67cce0b3c) Importer(815301076,1909f56bfc062723c751e8b465ee728b)  -> (artifact id: '505a39f9aeb149f40ff872f101e212f0') in 0.031756 seconds 
  Import took 0.037765 seconds .

========================================================================
Received Import Request.
  Time since last request: 0.000384 seconds.
  path: Assets/PhysicsMaterial/Bounce.physicsMaterial2D
  artifactKey: Guid(d3ae725827a554e70a378e6d9e5f2614) Importer(815301076,1909f56bfc062723c751e8b465ee728b)
Start importing Assets/PhysicsMaterial/Bounce.physicsMaterial2D using Guid(d3ae725827a554e70a378e6d9e5f2614) Importer(815301076,1909f56bfc062723c751e8b465ee728b)  -> (artifact id: 'a4411e182cecb65d1f7e1edaaaf4e193') in 0.018691 seconds 
  Import took 0.030474 seconds .

========================================================================
Received Import Request.
  Time since last request: 0.000390 seconds.
  path: Assets/Sprite/Gun.png
  artifactKey: Guid(6c3069479d97b40748caf0e65b0b869c) Importer(815301076,1909f56bfc062723c751e8b465ee728b)
Start importing Assets/Sprite/Gun.png using Guid(6c3069479d97b40748caf0e65b0b869c) Importer(815301076,1909f56bfc062723c751e8b465ee728b)  -> (artifact id: '8f8fb9f641b4038b864980e4e518f0ee') in 0.030959 seconds 
  Import took 0.036010 seconds .

========================================================================
Received Import Request.
  Time since last request: 0.000343 seconds.
  path: Assets/Sprite/flowers.png
  artifactKey: Guid(4aea181814b294d1bb085a3724bf9773) Importer(815301076,1909f56bfc062723c751e8b465ee728b)
Start importing Assets/Sprite/flowers.png using Guid(4aea181814b294d1bb085a3724bf9773) Importer(815301076,1909f56bfc062723c751e8b465ee728b)  -> (artifact id: '6090a212fe9e014a3dd243be9e568daf') in 0.046793 seconds 
  Import took 0.052925 seconds .

========================================================================
Received Import Request.
  Time since last request: 0.000372 seconds.
  path: Assets/Prefabs/RightLine.prefab
  artifactKey: Guid(8ff0ff40d20064b308e2c90b22b03fe4) Importer(815301076,1909f56bfc062723c751e8b465ee728b)
Start importing Assets/Prefabs/RightLine.prefab using Guid(8ff0ff40d20064b308e2c90b22b03fe4) Importer(815301076,1909f56bfc062723c751e8b465ee728b)  -> (artifact id: 'ca87661efa83ff7d227bc1402170e30e') in 0.020142 seconds 
  Import took 0.028931 seconds .

========================================================================
Received Import Request.
  Time since last request: 0.000361 seconds.
  path: Assets/Prefabs/Limit.prefab
  artifactKey: Guid(27a5bdd205a134d8dba9403c2573cbc8) Importer(815301076,1909f56bfc062723c751e8b465ee728b)
Start importing Assets/Prefabs/Limit.prefab using Guid(27a5bdd205a134d8dba9403c2573cbc8) Importer(815301076,1909f56bfc062723c751e8b465ee728b)  -> (artifact id: 'df3c1b097acce8c790f7c1fdb19459e0') in 0.034394 seconds 
  Import took 0.042056 seconds .

========================================================================
Received Import Request.
  Time since last request: 0.001033 seconds.
  path: Assets/Prefabs/Blue.prefab
  artifactKey: Guid(16579fbcfaad743fa9349f9fdf9f2c5d) Importer(815301076,1909f56bfc062723c751e8b465ee728b)
Start importing Assets/Prefabs/Blue.prefab using Guid(16579fbcfaad743fa9349f9fdf9f2c5d) Importer(815301076,1909f56bfc062723c751e8b465ee728b)  -> (artifact id: 'f803073bafab00a2c96d3c7651828039') in 0.034910 seconds 
  Import took 0.042162 seconds .

========================================================================
Received Import Request.
  Time since last request: 0.000421 seconds.
  path: Assets/Prefabs/LeftLine.prefab
  artifactKey: Guid(2ce71e60a05e04955830365bdd843a8d) Importer(815301076,1909f56bfc062723c751e8b465ee728b)
Start importing Assets/Prefabs/LeftLine.prefab using Guid(2ce71e60a05e04955830365bdd843a8d) Importer(815301076,1909f56bfc062723c751e8b465ee728b)  -> (artifact id: '545d80234e8babf9618a9146402094b0') in 0.031438 seconds 
  Import took 0.040296 seconds .

========================================================================
Received Import Request.
  Time since last request: 0.000492 seconds.
  path: Assets/Sprite/Wall.png
  artifactKey: Guid(a50a3032659184f59aac17b772fe8436) Importer(815301076,1909f56bfc062723c751e8b465ee728b)
Start importing Assets/Sprite/Wall.png using Guid(a50a3032659184f59aac17b772fe8436) Importer(815301076,1909f56bfc062723c751e8b465ee728b)  -> (artifact id: '515db614d660253d4108e4010a133ef6') in 0.040814 seconds 
  Import took 0.055302 seconds .

========================================================================
Received Import Request.
  Time since last request: 12.361527 seconds.
  path: Assets/Scripts/GameManager.cs
  artifactKey: Guid(98af43bdf4934424bbea082077f52037) Importer(815301076,1909f56bfc062723c751e8b465ee728b)
Start importing Assets/Scripts/GameManager.cs using Guid(98af43bdf4934424bbea082077f52037) Importer(815301076,1909f56bfc062723c751e8b465ee728b)  -> (artifact id: '7661e33b192476fa9f22272023ebdb08') in 0.008250 seconds 
  Import took 0.014567 seconds .

